[    0.000000] Initializing cgroup subsys cpuset
[    0.000000] Initializing cgroup subsys cpu
[    0.000000] Initializing cgroup subsys cpuacct
[    0.000000] Linux version 4.4.0-210-generic (buildd@lgw01-amd64-009) (gcc version 5.4.0 20160609 (Ubuntu 5.4.0-6ubuntu1~16.04.12) ) #242-Ubuntu SMP Fri Apr 16 09:57:56 UTC 2021 (Ubuntu 4.4.0-210.242-generic 4.4.262)
[    0.000000] Command line: BOOT_IMAGE=/boot/vmlinuz-4.4.0-210-generic root=LABEL=cloudimg-rootfs ro console=tty1 console=ttyS0
[    0.000000] KERNEL supported cpus:
[    0.000000]   Intel GenuineIntel
[    0.000000]   AMD AuthenticAMD
[    0.000000]   Centaur CentaurHauls
[    0.000000] x86/fpu: Legacy x87 FPU detected.
[    0.000000] e820: BIOS-provided physical RAM map:
[    0.000000] BIOS-e820: [mem 0x0000000000000000-0x000000000009fbff] usable
[    0.000000] BIOS-e820: [mem 0x000000000009fc00-0x000000000009ffff] reserved
[    0.000000] BIOS-e820: [mem 0x00000000000f0000-0x00000000000fffff] reserved
[    0.000000] BIOS-e820: [mem 0x0000000000100000-0x000000003ffeffff] usable
[    0.000000] BIOS-e820: [mem 0x000000003fff0000-0x000000003fffffff] ACPI data
[    0.000000] BIOS-e820: [mem 0x00000000fec00000-0x00000000fec00fff] reserved
[    0.000000] BIOS-e820: [mem 0x00000000fee00000-0x00000000fee00fff] reserved
[    0.000000] BIOS-e820: [mem 0x00000000fffc0000-0x00000000ffffffff] reserved
[    0.000000] NX (Execute Disable) protection: active
[    0.000000] SMBIOS 2.5 present.
[    0.000000] Hypervisor detected: KVM
[    0.000000] e820: last_pfn = 0x3fff0 max_arch_pfn = 0x400000000
[    0.000000] MTRR: Disabled
[    0.000000] x86/PAT: MTRRs disabled, skipping PAT initialization too.
[    0.000000] CPU MTRRs all blank - virtualized system.
[    0.000000] x86/PAT: Configuration [0-7]: WB  WT  UC- UC  WB  WT  UC- UC  
[    0.000000] found SMP MP-table at [mem 0x0009fff0-0x0009ffff] mapped at [ffff88000009fff0]
[    0.000000] Scanning 1 areas for low memory corruption
[    0.000000] RAMDISK: [mem 0x362dc000-0x37165fff]
[    0.000000] ACPI: Early table checksum verification disabled
[    0.000000] ACPI: RSDP 0x00000000000E0000 000024 (v02 VBOX  )
[    0.000000] ACPI: XSDT 0x000000003FFF0030 00003C (v01 VBOX   VBOXXSDT 00000001 ASL  00000061)
[    0.000000] ACPI: FACP 0x000000003FFF00F0 0000F4 (v04 VBOX   VBOXFACP 00000001 ASL  00000061)
[    0.000000] ACPI: DSDT 0x000000003FFF0470 002325 (v02 VBOX   VBOXBIOS 00000002 INTL 20100528)
[    0.000000] ACPI: FACS 0x000000003FFF0200 000040
[    0.000000] ACPI: FACS 0x000000003FFF0200 000040
[    0.000000] ACPI: APIC 0x000000003FFF0240 00005C (v02 VBOX   VBOXAPIC 00000001 ASL  00000061)
[    0.000000] ACPI: SSDT 0x000000003FFF02A0 0001CC (v01 VBOX   VBOXCPUT 00000002 INTL 20100528)
[    0.000000] No NUMA configuration found
[    0.000000] Faking a node at [mem 0x0000000000000000-0x000000003ffeffff]
[    0.000000] NODE_DATA(0) allocated [mem 0x3ffeb000-0x3ffeffff]
[    0.000000] kvm-clock: Using msrs 4b564d01 and 4b564d00
[    0.000000] kvm-clock: cpu 0, msr 0:3ffe3001, primary cpu clock
[    0.000000] kvm-clock: using sched offset of 5389318688 cycles
[    0.000000] clocksource: kvm-clock: mask: 0xffffffffffffffff max_cycles: 0x1cd42e4dffb, max_idle_ns: 881590591483 ns
[    0.000000] Zone ranges:
[    0.000000]   DMA      [mem 0x0000000000001000-0x0000000000ffffff]
[    0.000000]   DMA32    [mem 0x0000000001000000-0x000000003ffeffff]
[    0.000000]   Normal   empty
[    0.000000]   Device   empty
[    0.000000] Movable zone start for each node
[    0.000000] Early memory node ranges
[    0.000000]   node   0: [mem 0x0000000000001000-0x000000000009efff]
[    0.000000]   node   0: [mem 0x0000000000100000-0x000000003ffeffff]
[    0.000000] Initmem setup node 0 [mem 0x0000000000001000-0x000000003ffeffff]
[    0.000000] ACPI: PM-Timer IO Port: 0x4008
[    0.000000] IOAPIC[0]: apic_id 2, version 32, address 0xfec00000, GSI 0-23
[    0.000000] ACPI: INT_SRC_OVR (bus 0 bus_irq 0 global_irq 2 dfl dfl)
[    0.000000] ACPI: INT_SRC_OVR (bus 0 bus_irq 9 global_irq 9 low level)
[    0.000000] Using ACPI (MADT) for SMP configuration information
[    0.000000] smpboot: Allowing 2 CPUs, 0 hotplug CPUs
[    0.000000] PM: Registered nosave memory: [mem 0x00000000-0x00000fff]
[    0.000000] PM: Registered nosave memory: [mem 0x0009f000-0x0009ffff]
[    0.000000] PM: Registered nosave memory: [mem 0x000a0000-0x000effff]
[    0.000000] PM: Registered nosave memory: [mem 0x000f0000-0x000fffff]
[    0.000000] e820: [mem 0x40000000-0xfebfffff] available for PCI devices
[    0.000000] Booting paravirtualized kernel on KVM
[    0.000000] clocksource: refined-jiffies: mask: 0xffffffff max_cycles: 0xffffffff, max_idle_ns: 7645519600211568 ns
[    0.000000] setup_percpu: NR_CPUS:512 nr_cpumask_bits:512 nr_cpu_ids:2 nr_node_ids:1
[    0.000000] PERCPU: Embedded 33 pages/cpu @ffff88003fc00000 s95192 r8192 d31784 u1048576
[    0.000000] Built 1 zonelists in Node order, mobility grouping on.  Total pages: 257912
[    0.000000] Policy zone: DMA32
[    0.000000] Kernel command line: BOOT_IMAGE=/boot/vmlinuz-4.4.0-210-generic root=LABEL=cloudimg-rootfs ro console=tty1 console=ttyS0
[    0.000000] PID hash table entries: 4096 (order: 3, 32768 bytes)
[    0.000000] Memory: 997792K/1048120K available (8644K kernel code, 1332K rwdata, 4044K rodata, 1492K init, 1164K bss, 50328K reserved, 0K cma-reserved)
[    0.000000] SLUB: HWalign=64, Order=0-3, MinObjects=0, CPUs=2, Nodes=1
[    0.000000] Kernel/User page tables isolation: enabled
[    0.000000] Hierarchical RCU implementation.
[    0.000000] 	Build-time adjustment of leaf fanout to 64.
[    0.000000] 	RCU restricting CPUs from NR_CPUS=512 to nr_cpu_ids=2.
[    0.000000] RCU: Adjusting geometry for rcu_fanout_leaf=64, nr_cpu_ids=2
[    0.000000] NR_IRQS:33024 nr_irqs:440 16
[    0.000000] Console: colour VGA+ 80x25
[    0.000000] console [tty1] enabled
[    0.000000] console [ttyS0] enabled
[    0.000000] tsc: Detected 1799.999 MHz processor
[    1.168606] Calibrating delay loop (skipped) preset value.. 3599.99 BogoMIPS (lpj=7199996)
[    1.186173] pid_max: default: 32768 minimum: 301
[    1.194765] ACPI: Core revision 20150930
[    1.205575] ACPI: 2 ACPI AML tables successfully acquired and loaded
[    1.224481] Security Framework initialized
[    1.236307] Yama: becoming mindful.
[    1.245867] AppArmor: AppArmor initialized
[    1.254544] Dentry cache hash table entries: 131072 (order: 8, 1048576 bytes)
[    1.278644] Inode-cache hash table entries: 65536 (order: 7, 524288 bytes)
[    1.295289] Mount-cache hash table entries: 2048 (order: 2, 16384 bytes)
[    1.313127] Mountpoint-cache hash table entries: 2048 (order: 2, 16384 bytes)
[    1.333656] Initializing cgroup subsys io
[    1.347496] Initializing cgroup subsys memory
[    1.360313] Initializing cgroup subsys devices
[    1.371518] Initializing cgroup subsys freezer
[    1.383275] Initializing cgroup subsys net_cls
[    1.394144] Initializing cgroup subsys perf_event
[    1.408227] Initializing cgroup subsys net_prio
[    1.418651] Initializing cgroup subsys hugetlb
[    1.427954] Initializing cgroup subsys pids
[    1.440677] mce: CPU supports 0 MCE banks
[    1.453179] Last level iTLB entries: 4KB 64, 2MB 8, 4MB 8
[    1.466075] Last level dTLB entries: 4KB 64, 2MB 0, 4MB 0, 1GB 4
[    1.481140] Spectre V1 : Mitigation: usercopy/swapgs barriers and __user pointer sanitization
[    1.503612] Spectre V2 : Mitigation: Full generic retpoline
[    1.519168] Spectre V2 : Spectre v2 / SpectreRSB mitigation: Filling RSB on context switch
[    1.540886] Speculative Store Bypass: Vulnerable
[    1.555476] MDS: Mitigation: Clear CPU buffers
[    1.656917] Freeing SMP alternatives memory: 36K
[    1.860092] ftrace: allocating 32380 entries in 127 pages
[    3.363154] smpboot: APIC(0) Converting physical 0 to logical package 0
[    3.383830] smpboot: Max logical packages: 1
[    3.428614] ..TIMER: vector=0x30 apic1=0 pin1=2 apic2=-1 pin2=-1
[    3.552823] smpboot: CPU0: Intel(R) Core(TM) i5-8250U CPU @ 1.60GHz (family: 0x6, model: 0x8e, stepping: 0xa)
[    3.578873] Performance Events: unsupported p6 CPU model 142 no PMU driver, software events only.
[    3.783726] KVM setup paravirtual spinlock
[    3.800610] x86: Booting SMP configuration:
[    3.809657] .... node  #0, CPUs:      #1
[    3.819415] kvm-clock: cpu 1, msr 0:3ffe3041, secondary cpu clock
[    3.828677] mce: CPU supports 0 MCE banks
[    3.835800] x86: Booted up 1 node, 2 CPUs
[    3.845794] smpboot: Total of 2 processors activated (7199.99 BogoMIPS)
[    3.865444] devtmpfs: initialized
[    3.877005] evm: security.selinux
[    3.884924] evm: security.SMACK64
[    3.891996] evm: security.SMACK64EXEC
[    3.900181] evm: security.SMACK64TRANSMUTE
[    3.908844] evm: security.SMACK64MMAP
[    3.915762] evm: security.ima
[    3.922115] evm: security.capability
[    3.929876] clocksource: jiffies: mask: 0xffffffff max_cycles: 0xffffffff, max_idle_ns: 7645041785100000 ns
[    3.947523] futex hash table entries: 512 (order: 3, 32768 bytes)
[    3.960425] pinctrl core: initialized pinctrl subsystem
[    3.970561] RTC time: 17:46:47, date: 12/02/22
[    3.979857] NET: Registered protocol family 16
[    3.998946] cpuidle: using governor ladder
[    4.019780] cpuidle: using governor menu
[    4.026688] PCCT header not found.
[    4.033098] ACPI: bus type PCI registered
[    4.042819] acpiphp: ACPI Hot Plug PCI Controller Driver version: 0.5
[    4.056912] PCI: Using configuration type 1 for base access
[    4.087021] ACPI: Added _OSI(Module Device)
[    4.095129] ACPI: Added _OSI(Processor Device)
[    4.103351] ACPI: Added _OSI(3.0 _SCP Extensions)
[    4.111414] ACPI: Added _OSI(Processor Aggregator Device)
[    4.124803] ACPI: Executed 1 blocks of module-level executable AML code
[    4.145306] ACPI: Interpreter enabled
[    4.152551] ACPI: (supports S0 S5)
[    4.159117] ACPI: Using IOAPIC for interrupt routing
[    4.171007] PCI: Using host bridge windows from ACPI; if necessary, use "pci=nocrs" and report a bug
[    4.200037] ACPI: PCI Root Bridge [PCI0] (domain 0000 [bus 00-ff])
[    4.212368] acpi PNP0A03:00: _OSC: OS supports [ASPM ClockPM Segments MSI]
[    4.226003] acpi PNP0A03:00: _OSC: not requesting OS control; OS requires [ExtendedConfig ASPM ClockPM MSI]
[    4.243447] acpi PNP0A03:00: fail to add MMCONFIG information, can't access extended PCI configuration space under this bridge.
[    4.266229] PCI host bridge to bus 0000:00
[    4.274950] pci_bus 0000:00: root bus resource [io  0x0000-0x0cf7 window]
[    4.287886] pci_bus 0000:00: root bus resource [io  0x0d00-0xffff window]
[    4.302997] pci_bus 0000:00: root bus resource [mem 0x000a0000-0x000bffff window]
[    4.319054] pci_bus 0000:00: root bus resource [mem 0x40000000-0xfdffffff window]
[    4.332991] pci_bus 0000:00: root bus resource [bus 00-ff]
[    4.353075] pci 0000:00:01.1: legacy IDE quirk: reg 0x10: [io  0x01f0-0x01f7]
[    4.366691] pci 0000:00:01.1: legacy IDE quirk: reg 0x14: [io  0x03f6]
[    4.382345] pci 0000:00:01.1: legacy IDE quirk: reg 0x18: [io  0x0170-0x0177]
[    4.395530] pci 0000:00:01.1: legacy IDE quirk: reg 0x1c: [io  0x0376]
[    4.450436] pci 0000:00:07.0: quirk: [io  0x4000-0x403f] claimed by PIIX4 ACPI
[    4.465729] pci 0000:00:07.0: quirk: [io  0x4100-0x410f] claimed by PIIX4 SMB
[    4.494642] ACPI: PCI Interrupt Link [LNKA] (IRQs 5 9 10 *11)
[    4.510510] ACPI: PCI Interrupt Link [LNKB] (IRQs 5 9 *10 11)
[    4.524349] ACPI: PCI Interrupt Link [LNKC] (IRQs 5 *9 10 11)
[    4.540545] ACPI: PCI Interrupt Link [LNKD] (IRQs 5 9 10 *11)
[    4.557079] ACPI: Enabled 2 GPEs in block 00 to 07
[    4.605867] vgaarb: setting as boot device: PCI:0000:00:02.0
[    4.617397] vgaarb: device added: PCI:0000:00:02.0,decodes=io+mem,owns=io+mem,locks=none
[    4.633638] vgaarb: loaded
[    4.640193] vgaarb: bridge control possible 0000:00:02.0
[    4.653076] SCSI subsystem initialized
[    4.661782] ACPI: bus type USB registered
[    4.670186] usbcore: registered new interface driver usbfs
[    4.680586] usbcore: registered new interface driver hub
[    4.689751] usbcore: registered new device driver usb
[    4.706180] PCI: Using ACPI for IRQ routing
[    4.719177] NetLabel: Initializing
[    4.726177] NetLabel:  domain hash size = 128
[    4.736350] NetLabel:  protocols = UNLABELED CIPSOv4
[    4.746762] NetLabel:  unlabeled traffic allowed by default
[    4.760548] amd_nb: Cannot enumerate AMD northbridges
[    4.770430] clocksource: Switched to clocksource kvm-clock
[    4.846146] AppArmor: AppArmor Filesystem Enabled
[    4.857553] pnp: PnP ACPI init
[    4.868484] pnp: PnP ACPI: found 3 devices
[    4.949930] clocksource: acpi_pm: mask: 0xffffff max_cycles: 0xffffff, max_idle_ns: 2085701024 ns
[    4.965156] NET: Registered protocol family 2
[    4.977942] TCP established hash table entries: 8192 (order: 4, 65536 bytes)
[    4.994526] TCP bind hash table entries: 8192 (order: 5, 131072 bytes)
[    5.005730] TCP: Hash tables configured (established 8192 bind 8192)
[    5.015779] UDP hash table entries: 512 (order: 2, 16384 bytes)
[    5.028223] UDP-Lite hash table entries: 512 (order: 2, 16384 bytes)
[    5.041594] NET: Registered protocol family 1
[    5.048493] pci 0000:00:00.0: Limiting direct PCI/PCI transfers
[    5.058333] pci 0000:00:01.0: Activating ISA DMA hang workarounds
[    5.069203] Unpacking initramfs...
[    5.843912] Freeing initrd memory: 14888K
[    5.853463] clocksource: tsc: mask: 0xffffffffffffffff max_cycles: 0x19f228ab7a2, max_idle_ns: 440795289252 ns
[    5.874387] platform rtc_cmos: registered platform RTC device (no PNP device found)
[    5.890030] Scanning for low memory corruption every 60 seconds
[    5.905793] audit: initializing netlink subsys (disabled)
[    5.923373] audit: type=2000 audit(1670003212.983:1): initialized
[    5.942076] Initialise system trusted keyring
[    5.960094] HugeTLB registered 2 MB page size, pre-allocated 0 pages
[    5.978233] zbud: loaded
[    5.988058] VFS: Disk quotas dquot_6.6.0
[    5.997574] VFS: Dquot-cache hash table entries: 512 (order 0, 4096 bytes)
[    6.015210] squashfs: version 4.0 (2009/01/31) Phillip Lougher
[    6.031121] fuse init (API version 7.23)
[    6.043278] Key type big_key registered
[    6.051991] Allocating IMA MOK and blacklist keyrings.
[    6.075974] Key type asymmetric registered
[    6.084861] Asymmetric key parser 'x509' registered
[    6.094141] Block layer SCSI generic (bsg) driver version 0.4 loaded (major 249)
[    6.109377] io scheduler noop registered
[    6.116503] io scheduler deadline registered (default)
[    6.129141] io scheduler cfq registered
[    6.136508] pci_hotplug: PCI Hot Plug PCI Core version: 0.5
[    6.145525] pciehp: PCI Express Hot Plug Controller Driver version: 0.4
[    6.159226] ACPI: AC Adapter [AC] (on-line)
[    6.171540] input: Power Button as /devices/LNXSYSTM:00/LNXPWRBN:00/input/input0
[    6.183486] ACPI: Power Button [PWRF]
[    6.193850] input: Sleep Button as /devices/LNXSYSTM:00/LNXSLPBN:00/input/input1
[    6.208385] ACPI: Sleep Button [SLPF]
[    6.218091] GHES: HEST is not enabled!
[    6.221092] ACPI: Battery Slot [BAT0] (battery present)
[    6.236086] Serial: 8250/16550 driver, 32 ports, IRQ sharing enabled
[    6.291007] 00:02: ttyS0 at I/O 0x3f8 (irq = 4, base_baud = 115200) is a 16550A
[    6.306896] Linux agpgart interface v0.103
[    6.334377] loop: module loaded
[    6.348350] scsi host0: ata_piix
[    6.358747] scsi host1: ata_piix
[    6.365601] ata1: PATA max UDMA/33 cmd 0x1f0 ctl 0x3f6 bmdma 0xd000 irq 14
[    6.379496] ata2: PATA max UDMA/33 cmd 0x170 ctl 0x376 bmdma 0xd008 irq 15
[    6.391995] libphy: Fixed MDIO Bus: probed
[    6.404240] tun: Universal TUN/TAP device driver, 1.6
[    6.412318] tun: (C) 1999-2004 Max Krasnyansky <maxk@qualcomm.com>
[    6.423434] PPP generic driver version 2.4.2
[    6.431977] ehci_hcd: USB 2.0 'Enhanced' Host Controller (EHCI) Driver
[    6.445049] ehci-pci: EHCI PCI platform driver
[    6.453151] ehci-platform: EHCI generic platform driver
[    6.463186] ohci_hcd: USB 1.1 'Open' Host Controller (OHCI) Driver
[    6.475149] ohci-pci: OHCI PCI platform driver
[    6.486855] ohci-platform: OHCI generic platform driver
[    6.497115] uhci_hcd: USB Universal Host Controller Interface driver
[    6.512203] i8042: PNP: PS/2 Controller [PNP0303:PS2K,PNP0f03:PS2M] at 0x60,0x64 irq 1,12
[    6.537361] serio: i8042 KBD port at 0x60,0x64 irq 1
[    6.548902] serio: i8042 AUX port at 0x60,0x64 irq 12
[    6.607719] mousedev: PS/2 mouse device common for all mice
[    6.620780] input: AT Translated Set 2 keyboard as /devices/platform/i8042/serio0/input/input2
[    6.643872] rtc_cmos rtc_cmos: rtc core: registered rtc_cmos as rtc0
[    6.663630] rtc_cmos rtc_cmos: alarms up to one day, 114 bytes nvram
[    6.675186] i2c /dev entries driver
[    6.682563] device-mapper: uevent: version 1.0.3
[    6.692816] device-mapper: ioctl: 4.34.0-ioctl (2015-10-28) initialised: dm-devel@redhat.com
[    6.708884] ledtrig-cpu: registered to indicate activity on CPUs
[    6.723673] NET: Registered protocol family 10
[    6.736230] NET: Registered protocol family 17
[    6.743911] Key type dns_resolver registered
[    6.752214] registered taskstats version 1
[    6.761071] Loading compiled-in X.509 certificates
[    6.772676] Loaded X.509 cert 'Build time autogenerated kernel key: cf00e047681d67edb2720680708b7d9498083038'
[    6.792164] zswap: loaded using pool lzo/zbud
[    6.819020] Key type trusted registered
[    6.848392] Key type encrypted registered
[    6.857127] AppArmor: AppArmor sha1 policy hashing enabled
[    6.868093] ima: No TPM chip found, activating TPM-bypass!
[    6.878359] ima: Allocated hash algorithm: sha1
[    6.887783] evm: HMAC attrs: 0x1
[    6.896712]   Magic number: 2:227:794
[    6.906027] rtc_cmos rtc_cmos: setting system clock to 2022-12-02 17:46:50 UTC (1670003210)
[    6.921902] BIOS EDD facility v0.16 2004-Jun-25, 0 devices found
[    6.932685] EDD information not available.
[    6.945371] Freeing unused kernel memory: 1492K
[    6.953331] Write protecting the kernel read-only data: 14336k
[    6.970283] Freeing unused kernel memory: 1584K
[    6.982242] Freeing unused kernel memory: 52K
Loading, please wait...
starting version 229
[    7.044785] random: udevadm: uninitialized urandom read (16 bytes read, 6 bits of entropy available)
[    7.044895] random: systemd-udevd: uninitialized urandom read (16 bytes read, 6 bits of entropy available)
[    7.045009] random: systemd-udevd: uninitialized urandom read (16 bytes read, 6 bits of entropy available)
[    7.045022] random: systemd-udevd: uninitialized urandom read (16 bytes read, 6 bits of entropy available)
[    7.045037] random: systemd-udevd: uninitialized urandom read (16 bytes read, 6 bits of entropy available)
[    7.146896] random: udevadm: uninitialized urandom read (16 bytes read, 6 bits of entropy available)
[    7.189143] random: systemd-udevd: uninitialized urandom read (16 bytes read, 6 bits of entropy available)
[    7.196369] random: udevadm: uninitialized urandom read (16 bytes read, 6 bits of entropy available)
[    7.196475] random: udevadm: uninitialized urandom read (16 bytes read, 6 bits of entropy available)
[    7.196952] random: udevadm: uninitialized urandom read (16 bytes read, 6 bits of entropy available)
[    7.413754] Fusion MPT base driver 3.04.20
[    7.422205] Copyright (c) 1999-2008 LSI Corporation
[    7.434371] e1000: Intel(R) PRO/1000 Network Driver - version 7.3.21-k8-NAPI
[    7.447785] e1000: Copyright (c) 1999-2006 Intel Corporation.
[    7.527813] Fusion MPT SPI Host driver 3.04.20
[    7.777651] input: ImExPS/2 Generic Explorer Mouse as /devices/platform/i8042/serio1/input/input4
[    8.716102] e1000 0000:00:03.0 eth0: (PCI:33MHz:32-bit) 02:be:82:6b:cc:1d
[    8.728126] e1000 0000:00:03.0 eth0: Intel(R) PRO/1000 Network Connection
[    8.744220] mptbase: ioc0: Initiating bringup
[    8.744727] e1000 0000:00:03.0 enp0s3: renamed from eth0
[    8.849698] ioc0: LSI53C1030 A0: Capabilities={Initiator}
[    9.391460] scsi host2: ioc0: LSI53C1030 A0, FwRev=00000000h, Ports=1, MaxQ=256, IRQ=20
[    9.545034] scsi 2:0:0:0: Direct-Access     VBOX     HARDDISK         1.0  PQ: 0 ANSI: 5
[    9.563998] scsi target2:0:0: Beginning Domain Validation
[    9.600134] scsi target2:0:0: Domain Validation skipping write tests
[    9.619632] scsi target2:0:0: Ending Domain Validation
[    9.632111] scsi target2:0:0: asynchronous
[    9.645180] scsi 2:0:1:0: Direct-Access     VBOX     HARDDISK         1.0  PQ: 0 ANSI: 5
[    9.662305] scsi target2:0:1: Beginning Domain Validation
[    9.688985] scsi target2:0:1: Domain Validation skipping write tests
[    9.702035] scsi target2:0:1: Ending Domain Validation
[    9.715407] scsi target2:0:1: asynchronous
[    9.777359] sd 2:0:0:0: Attached scsi generic sg0 type 0
[    9.777384] sd 2:0:0:0: [sda] 83886080 512-byte logical blocks: (42.9 GB/40.0 GiB)
[    9.810877] sd 2:0:1:0: Attached scsi generic sg1 type 0
[    9.811815] sd 2:0:0:0: [sda] Write Protect is off
[    9.821479] sd 2:0:1:0: [sdb] 20480 512-byte logical blocks: (10.5 MB/10.0 MiB)
[    9.832414] sd 2:0:0:0: [sda] Incomplete mode parameter data
[    9.832416] sd 2:0:0:0: [sda] Assuming drive cache: write through
[    9.859808] sd 2:0:1:0: [sdb] Write Protect is off
[    9.926252] sd 2:0:1:0: [sdb] Incomplete mode parameter data
[    9.936829] sd 2:0:1:0: [sdb] Assuming drive cache: write through
[    9.950746]  sda: sda1
[    9.969186] sd 2:0:0:0: [sda] Attached SCSI disk
[    9.983314] sd 2:0:1:0: [sdb] Attached SCSI disk
Begin: Loading essential drivers ... [   12.534943] md: linear personality registered for level -1
[   12.555144] md: multipath personality registered for level -4
[   12.580617] md: raid0 personality registered for level 0
[   12.624517] md: raid1 personality registered for level 1
[   12.714694] raid6: sse2x1   gen()  5804 MB/s
[   12.786776] raid6: sse2x1   xor()  3859 MB/s
[   12.862930] raid6: sse2x2   gen()  6314 MB/s
[   12.934753] raid6: sse2x2   xor()  4606 MB/s
[   13.010950] raid6: sse2x4   gen()  6344 MB/s
[   13.086604] raid6: sse2x4   xor()  4467 MB/s
[   13.096151] raid6: using algorithm sse2x4 gen() 6344 MB/s
[   13.107770] raid6: .... xor() 4467 MB/s, rmw enabled
[   13.116452] raid6: using ssse3x2 recovery algorithm
[   13.132974] xor: measuring software checksum speed
[   13.182902]    prefetch64-sse:  8892.000 MB/sec
[   13.231512]    generic_sse:  9770.000 MB/sec
[   13.242391] xor: using function: generic_sse (9770.000 MB/sec)
[   13.263998] async_tx: api initialized (async)
[   13.384655] md: raid6 personality registered for level 6
[   13.396414] md: raid5 personality registered for level 5
[   13.414181] md: raid4 personality registered for level 4
[   13.477793] md: raid10 personality registered for level 10
done.
Begin: Running /scripts/init-premount ... done.
Begin: Mounting root file system ... Begin: Running /scripts/local-top ... done.
Begin: Running /scripts/local-premount ... [   13.662396] Btrfs loaded
Scanning for Btrfs filesystems
done.
Warning: fsck not present, so skipping root file system
[   13.779903] EXT4-fs (sda1): mounted filesystem with ordered data mode. Opts: (null)
done.
Begin: Running /scripts/local-bottom ... done.
Begin: Running /scripts/init-bottom ... done.
[   14.199323] systemd[1]: systemd 229 running in system mode. (+PAM +AUDIT +SELINUX +IMA +APPARMOR +SMACK +SYSVINIT +UTMP +LIBCRYPTSETUP +GCRYPT +GNUTLS +ACL +XZ -LZ4 +SECCOMP +BLKID +ELFUTILS +KMOD -IDN)
[   14.234657] systemd[1]: Detected virtualization oracle.
[   14.246906] systemd[1]: Detected architecture x86-64.

Welcome to [1mUbuntu 16.04.7 LTS[0m!

[   14.273114] systemd[1]: Set hostname to <ubuntu>.
[   14.291807] systemd[1]: Initializing machine ID from random generator.
[   14.307850] systemd[1]: Installed transient /etc/machine-id file.
[   14.858281] systemd[1]: Listening on udev Control Socket.
[[0;32m  OK  [0m] Listening on udev Control Socket.
[   14.874280] systemd[1]: Listening on /dev/initctl Compatibility Named Pipe.
[[0;32m  OK  [0m] Listening on /dev/initctl Compatibility Named Pipe.
[   14.898142] systemd[1]: Listening on LVM2 metadata daemon socket.
[[0;32m  OK  [0m] Listening on LVM2 metadata daemon socket.
[   14.914291] systemd[1]: Reached target Encrypted Volumes.
[[0;32m  OK  [0m] Reached target Encrypted Volumes.
[   14.933425] systemd[1]: Reached target User and Group Name Lookups.
[[0;32m  OK  [0m] Reached target User and Group Name Lookups.
[   14.956573] systemd[1]: Created slice System Slice.
[[0;32m  OK  [0m] Created slice System Slice.
[   14.976059] systemd[1]: Created slice system-serial\x2dgetty.slice.
[[0;32m  OK  [0m] Created slice system-serial\x2dgetty.slice.
[   14.997970] systemd[1]: Listening on Device-mapper event daemon FIFOs.
[[0;32m  OK  [0m] Listening on Device-mapper event daemon FIFOs.
[   15.023467] systemd[1]: Set up automount Arbitrary Executable File Formats File System Automount Point.
[[0;32m  OK  [0m] Set up automount Arbitrary Executab...ats File System Automount Point.
[   15.055215] systemd[1]: Listening on Journal Socket.
[[0;32m  OK  [0m] Listening on Journal Socket.
[   15.091177] systemd[1]: Starting Monitoring of LVM2 mirrors, snapshots etc. using dmeventd or progress polling...
         Starting Monitoring of LVM2 mirrors... dmeventd or progress polling...
[   15.127859] systemd[1]: Mounting POSIX Message Queue File System...
         Mounting POSIX Message Queue File System...
[   15.161451] systemd[1]: Mounting Huge Pages File System...
         Mounting Huge Pages File System...
[   15.192731] systemd[1]: Mounting Debug File System...
         Mounting Debug File System...
[   15.215492] systemd[1]: Listening on fsck to fsckd communication Socket.
[[0;32m  OK  [0m] Listening on fsck to fsckd communication Socket.
[   15.242206] systemd[1]: Listening on udev Kernel Socket.
[[0;32m  OK  [0m] Listening on udev Kernel Socket.
[   15.284469] systemd[1]: Starting Uncomplicated firewall...
[   15.295696] random: nonblocking pool is initialized
         Starting Uncomplicated firewall...
[   15.324210] systemd[1]: Starting Load Kernel Modules...
         Starting Load Kernel Modules...
[   15.362227] systemd[1]: Listening on Journal Socket (/dev/log).
[[0;32m  OK  [0m] Listening on Journal Socket (/dev/log).[   15.390366] Loading iSCSI transport class v2.0-870.

[   15.399332] systemd[1]: Listening on Journal Audit Socket.
[[0;32m  OK  [0m] Listening on Journal Audit Socket.
[   15.431801] systemd[1]: Reached target Swap.
[[0;32m  OK  [0m] [   15.449661] iscsi: registered transport (tcp)
Reached target Swap.
[   15.493002] systemd[1]: Starting Set console keymap...
         Starting Set console keymap...
[   15.517398] systemd[1]: Started Forward Password Requests to Wall Directory Watch.
[[0;32m  OK  [0m] Started Forward Password Requests to Wall Directory Watch.
[   15.547311] systemd[1]: Listening on LVM2 poll daemon socket.
[[0;32m  OK  [0m] Listening on LVM2 poll daemon socket.
[   15.592544] systemd[1]: Starting File System Check on Root Device...
[   15.627812] systemd[1]: Listening on Syslog Socket.
         Starting File System Check on Root Device...
[[0;32m  OK  [0m] Listening on Syslog Socket.
[   15.659613] systemd[1]: Started Trigger resolvconf update for networkd DNS.
[[0;32m  OK  [0m] Started Trigger resolvconf update for networkd DNS.
[   15.700608] systemd[1]: Created slice User and Session Slice.
[[0;32m  OK  [0m] Created slice User and Session Slice.
[   15.729708] systemd[1]: Reached target Slices.
[[0;32m  OK  [0m] Reached target Slices.
[   15.767350] systemd[1]: Starting Nameserver information manager...
         Starting Nameserver information manager...
[   15.806162] systemd[1]: Starting Create list of required static device nodes for the current kernel...
         Starting Create list of required st... nodes for the current kernel...
[   15.847828] systemd[1]: Starting Journal Service...
         Starting Journal Service...
[   15.873360] systemd[1]: Reached target System Time Synchronized.
[[0;32m  OK  [[   15.899854] iscsi: registered transport (iser)
0m] Reached target System Time Synchronized.
[   15.957415] systemd[1]: Mounted Huge Pages File System.
[[0;32m  OK  [0m] Mounted Huge Pages File System.
[   15.989792] systemd[1]: Mounted POSIX Message Queue File System.
[[0;32m  OK  [0m] Mounted POSIX Message Queue File System.
[   16.024360] systemd[1]: Mounted Debug File System.
[[0;32m  OK  [0m] Mounted Debug File System.
[   16.049799] systemd[1]: Started Journal Service.
[[0;32m  OK  [0m] Started Journal Service.
[[0;32m  OK  [0m] Started Uncomplicated firewall.
[[0;32m  OK  [0m] Started Load Kernel Modules.
[[0;32m  OK  [0m] Started Set console keymap.
[[0;32m  OK  [0m] Started File System Check on Root Device.
[[0;32m  OK  [0m] Started Create list of required sta...ce nodes for the current kernel.
[[0;32m  OK  [0m] Started Nameserver information manager.
[[0;32m  OK  [0m] Started LVM2 metadata daemon.
[[0;32m  OK  [0m] Started File System Check Daemon to report status.
         Starting Create Static Device Nodes in /dev...
         Starting Remount Root and Kernel File Systems...
         Starting Apply Kernel Variables...
[   16.295516] EXT4-fs (sda1): re-mounted. Opts: (null)
         Mounting FUSE Control File System...
[[0;32m  OK  [0m] Mounted FUSE Control File System.
[[0;32m  OK  [0m] Started Create Static Device Nodes in /dev.
[[0;32m  OK  [0m] Started Monitoring of LVM2 mirrors,...ng dmeventd or progress polling.
[[0;32m  OK  [0m] Started Remount Root and Kernel File Systems.
[[0;32m  OK  [0m] Started Apply Kernel Variables.
         Starting Flush Journal to Persistent Storage...
         Starting Load/Save Random Seed...
         Starting udev Coldplug all Devices...
         Starting udev Kernel Device Manager...
[[0;32m  OK  [0m] Reached target Local File Systems (Pre).
[[0;32m  OK  [0m] Reached target Local File Systems.
         Starting Tell Plymouth To Write Out Runtime Data...
         Starting Commit a transient machine-id on disk...
         Starting LSB: AppArmor initialization...
         Starting Set console font and keymap...
         Starting Initial cloud-init job (pre-networking)...
[[0;32m  OK  [0m] Started udev Kernel Device Manager.
[[0;32m  OK  [0m] Started Load/Save Random Seed.
[[0;32m  OK  [0m] Started Tell Plymouth To Write Out Runtime Data.
[[0;32m  OK  [0m] Started Commit a transient machine-id on disk.
[[0;32m  OK  [0m] Started Flush Journal to Persistent Storage.
         Starting Create Volatile Files and Directories...
[[0;32m  OK  [0m] Started Create Volatile Files and Directories.
         Starting Update UTMP about System Boot/Shutdown...
[[0;32m  OK  [0m] Started Update UTMP about System Boot/Shutdown.
[[0;32m  OK  [0m] Started udev Coldplug all Devices.
[[0;32m  OK  [0m] Started Dispatch Password Requests to Console Directory Watch.
[[0;32m  OK  [0m] Found device /dev/ttyS0.
[[0;32m  OK  [0m] Listening on Load/Save RF Kill Switch Status /dev/rfkill Watch.
[[0;32m  OK  [0m] Started LSB: AppArmor initialization.
[   18.580663] cloud-init[467]: Cloud-init v. 21.1-19-gbad84ad4-0ubuntu1~16.04.2 running 'init-local' at Fri, 02 Dec 2022 17:47:04 +0000. Up 17.36 seconds.
[[0;32m  OK  [0m] Started Initial cloud-init job (pre-networking).
[[0;32m  OK  [0m] Reached target Network (Pre).
         Starting Load AppArmor profiles managed internally by snapd...
         Starting Raise network interfaces...
[[0;32m  OK  [0m] Started Set console font and keymap.
[[0;32m  OK  [0m] Started Load AppArmor profiles managed internally by snapd.
[[0;32m  OK  [0m] Created slice system-getty.slice.
[[0;32m  OK  [0m] Started Raise network interfaces.
[[0;32m  OK  [0m] Reached target Network.
         Starting Initial cloud-init job (metadata service crawler)...
[   22.742510] cloud-init[924]: Cloud-init v. 21.1-19-gbad84ad4-0ubuntu1~16.04.2 running 'init' at Fri, 02 Dec 2022 17:47:08 +0000. Up 21.61 seconds.
[   22.778518] cloud-init[924]: ci-info: ++++++++++++++++++++++++++++++++++++++Net device info++++++++++++++++++++++++++++++++++++++
[   22.803955] cloud-init[924]: ci-info: +--------+------+----------------------------+---------------+--------+-------------------+
[   22.822058] cloud-init[924]: ci-info: | Device |  Up  |          Address           |      Mask     | Scope  |     Hw-Address    |
[   22.838659] cloud-init[924]: ci-info: +--------+------+----------------------------+---------------+--------+-------------------+
[   22.855236] [[0;32m  OK  [0m] Started Initial cloud-init job (metadata service crawler).
[[0;32m  OK  [0m] Reached target System Initialization.
[[0;32m  OK  [0m] Listening on D-Bus System Message Bus Socket.
[[0;32m  OK  [0m] Started Daily Cleanup of Temporary Directories.
         Starting Socket activation for snappy daemon.
[[0;32m  OK  [0m] Started Ubuntu Advantage update messaging.
[[0;32m  OK  [0m] Started Daily apt download activities.
[[0;32m  OK  [0m] Started Daily apt upgrade and clean activities.
cloud-init         Starting LXD - unix socket.
[[0;32m  OK  [0m] Listening on UUID daemon activation socket.
[[0;32m  OK  [0m] Started Message of the Day.
[[0;32m  OK  [0m] Reached target Timers.
[[0;32m  OK  [0m] Listening on ACPID Listen Socket.
[924]: ci-info: | enp0s3 | True |         10.0.2.15          | 255.255.255.0 | global | 02:be:82:6b:cc:1d |
[[0;32m  OK  [0m] Started ACPI Events Check.
[   22.916624] cloud-init[924]: ci-info: | enp0s3 | True | fe80::be:82ff:fe6b:cc1d/64 |       .       |  link  | 02:be:82:6b:cc:1d |
[[0;32m  OK  [0m] Reached target Paths.
[   22.932684] cloud-init[924]: ci-info: |   lo   | True |         127.0.0.1          |   255.0.0.0   |  host  |         .         |
[[0;32m  OK  [0m] Reached target Network is Online.
[   22.950297] cloud-init[924]: ci-info: |   lo   | True |          ::1/128           |       .       |  host  |         .         |
[   22.965160] cloud-init[924]: ci-info: +--------+------+----------------------------+---------------+--------+-------------------+
[   22.979977] cloud-init         Starting iSCSI initiator daemon (iscsid)...
[[0;32m  OK  [0m] Reached target Cloud-config availability.
[[0;32m  OK  [0m] Listening on Socket activation for snappy daemon.
[[0;32m  OK  [0m] Listening on LXD - unix socket.
[[0;32m  OK  [0m] Reached target Sockets.
[[0;32m  OK  [0m] Reached target Basic System.
         Starting Login Service...
         Starting Accounts Service...
         Starting /etc/rc.local Compatibility...
[924]: ci-info: +++++++++++++++++++++++++++Route IPv4 info++++++++++++++++++++++++++++         Starting Pollinate to seed the pseudo random number generator...

         Starting LSB: MD monitoring daemon...
[   23.061812] [[0;32m  OK  [0m] Started Deferred execution scheduler.
         Starting System Logging Service...
cloud-init[924]:          Starting Virtualbox guest utils...
[[0;32m  OK  [0m] Started D-Bus System Message Bus.
ci-info: +-------+-------------+----------+---------------+-----------+-------+
[   23.148715] cloud-init[924]: ci-info: | Route | Destination | Gateway  |    Genmask    | Interface | Flags |
[   23.182970] cloud-init[924]: ci-info: +-------+-------------+----------+---------------+-----------+-------+
[   23.197730] cloud-init[924]: ci-info: |   0   |   0.0.0.0   | 10.0.2.2 |    0.0.0.0    |   enp0s3  |   UG  |
[   23.211814] cloud-init[924]: ci-info: |   1   |   10.0.2.0  | 0.0.0.0  | 255.255.255.0 |   enp0s3  |   U   |
[   23.235587] cloud-init[924]: ci-info: +-------+-------------+----------+---------------+-----------+-------+
[   23.251722] cloud-init[924]: ci-info: +++++++++++++++++++Route IPv6 info+++++++++++++++++++
[   23.261008] cloud-init[924]: ci-info: +-------+-------------+---------+-----------+-------+
[   23.289865]          Starting LXD - container startup/shutdown...
cloud-init[[0;32m  OK  [0m] Started ACPI event daemon.
         Starting LSB: Record successful boot for GRUB...
[[0;32m  OK  [0m] Started Regular background program processing daemon.
[[0;32m  OK  [0m] Started FUSE filesystem for LXC.
[924]: ci-info: | Route | Destination | Gateway | Interface | Flags |         Starting Snap Daemon...
[[0;32m  OK  [0m] Started System Logging Service.
[[0;32m  OK  [0m] Started /etc/rc.local Compatibility.

[[0;32m  OK  [0m] Started iSCSI initiator daemon (iscsid).
[   23.430836] [[0;32m  OK  [0m] Started Login Service.
[[0;32m  OK  [0m] Started Unattended Upgrades Shutdown.
         Starting Authenticate and Authorize Users to Run Privileged Tasks...
         Starting Login to default iSCSI targets...
cloud-init[924]: ci-info: +-------+-------------+---------+-----------+-------+
[[0;32m  OK  [0m] [   23.668548] cloud-init[924]: Started LSB: MD monitoring daemon.
ci-info: |   0   |  fe80::/64  |    ::   |   enp0s3  |   U   |
[[0;32m  OK  [0m] Started Authenticate and Authorize Users to Run Privileged Tasks.
[[0;32m  OK  [0m] Started Accounts Service.
[   23.750758] cloud-init[924]: ci-info: |   3   |   ff00::/8  |    ::   |   enp0s3  |   U   |
[[0;32m  OK  [0m] Started LSB: Record successful boot for GRUB.
[   23.833608] cloud-init[924]: ci-info: +-------+-------------+---------+-----------+-------+
[   23.867533] cloud-init[924]: Generating public/private rsa key pair.
[   23.879953] cloud-init[924]: Your identification has been saved in /etc/ssh/ssh_host_rsa_key.
[   23.900294] cloud-init[924]: Your public key has been saved in /etc/ssh/ssh_host_rsa_key.pub.
[[0;32m  OK  [0m] Started Login to default iSCSI targets.
[[0;32m  OK  [0m] Reached target Remote File Systems (Pre).
[[0;32m  OK  [0m] Reached target Remote File Systems.
[   23.915320] cloud-init[924]: The key fingerprint is:
         Starting LSB: Set the CPU Frequency Scaling governor to "ondemand"...
         Starting LSB: automatic crash report generation...
[   23.947306] cloud-init[924]: SHA256:85ymVsr1EtWJxycfRaqvNDad5zQWKZQZ+9rz7zd3GDo root@ubuntu-xenial
         Starting Permit User Sessions...
[   24.028372] cloud-init[924]: The key's randomart image is:
         Starting LSB: daemon to balance interrupts for SMP systems...
[[0;32m  OK  [0m] Started Permit User Sessions.
         Starting Terminate Plymouth Boot Screen...
[   24.046228] cloud-init[924]: +---[RSA 2048]----+
[   24.146036] cloud-init[924]: |             . ..|
[   24.146298] cloud-init[924]: |              =..|
[   24.146373] cloud-init[924]: |             O...|
[   24.147140] cloud-init[924]: |            +.B.o|
         Starting Hold until boot process finishes up...
[[0;32m  OK  [0m] Started Terminate Plymouth Boot Screen.
[[0;32m  OK  [0m] Started Hold until boot process finishes up.
[   24.147755] cloud-init[924]: |        S  ..o B.|
         Starting Set console scheme...
[   24.173235] cloud-init[924]: |         ++. o=.o|
[   24.208370] cloud-init[924]: |       . +=o=o+Bo|
[   24.208545] cloud-init[924]: |        +o.oE+o=B|
[   24.208598] cloud-init[924]: |       ..  ... .@|
[   24.208643] cloud-init[924]: +----[SHA256]-----+
[   24.208747] cloud-init[924]: Generating public/private dsa key pair.
[   24.208813] cloud-init[924]: Your identification has been saved in /etc/ssh/ssh_host_dsa_key.
[   24.209494] cloud-init[924]: Your public key has been saved in /etc/ssh/ssh_host_dsa_key.pub.
[   24.210436] cloud-init[924]: The key fingerprint is:
[   24.211185] [[0;32m  OK  [0m] Started Getty on tty1.
[[0;32m  OK  [0m] Started Serial Getty on ttyS0.
[[0;32m  OK  [0m] Reached target Login Prompts.
cloud-init[924]: SHA256:lJnoNXCSND7Ss9SM0E+m0Vb6P0HFh8YI5OppXS13Rm0 root@ubuntu-xenial
[[0;32m  OK  [0m] Started Set console scheme.
[[0;32m  OK  [0m] Started LSB: automatic crash report generation.
[   24.271617] cloud-init[924]: The key's randomart image is:
[   24.332414] [[0;32m  OK  [0m] Started LSB: Set the CPU Frequency Scaling governor to "ondemand".
cloud-init[924]: +---[DSA 1024]----+
[   24.382198] cloud-init[924]: |    .o=o.o+. +.. |
[   24.413852] cloud-init[924]: |     ++X=*  ..= o|
[   24.452941] [[0;32m  OK  [0m] Started LSB: daemon to balance interrupts for SMP systems.
cloud-init[924]: |    . OB@ . .. .E|
[   24.480980] cloud-init[924]: |     +.*.+ . . o |
[   24.502790] [[0;32m  OK  [0m] Started Virtualbox guest utils.
cloud-init[924]: |      o S . + o o|
[   24.562961] cloud-init[924]: |       . o o + o |
[[0;32m  OK  [0m] Started LXD - container startup/shutdown.
[   24.607754] cloud-init[924]: |        + . o    |
[   24.645195] cloud-init[924]: |       .     .   |
[   24.657884] cloud-init[924]: |                 |
[   24.675654] cloud-init[924]: +----[SHA256]-----+
[   24.692111] cloud-init[924]: Generating public/private ecdsa key pair.
[   24.714445] cloud-init[924]: Your identification has been saved in /etc/ssh/ssh_host_ecdsa_key.
[   24.738274] cloud-init[924]: Your public key has been saved in /etc/ssh/ssh_host_ecdsa_key.pub.
[   24.760469] cloud-init[924]: The key fingerprint is:
[   24.778536] cloud-init[924]: SHA256:5xTN1nmUoSSdF0TalQ8K1aBM6bsriEBYjL1z0J9oY+M root@ubuntu-xenial
[   24.801419] cloud-init[924]: The key's randomart image is:
[   24.815073] cloud-init[924]: +---[ECDSA 256]---+
[   24.830011] cloud-init[924]: | + .      .++++=B|
[   24.867641] cloud-init[924]: |. = .    oo+o+**.|
[   24.883908] cloud-init[924]: | o o o . .+.+++oo|
[   24.916644] cloud-init[924]: |. + B o   .o.  ..|
[   24.927598] cloud-init[924]: | . * o  S o.     |
[[0;32m  OK  [0m] Started Pollinate to seed the pseudo random number generator.
[   24.941635] cloud-init         Starting OpenBSD Secure Shell server...
[924]: |  . E    +.      |
[   25.040659] cloud-init[924]: |   . . .  ..     |
[   25.084500] cloud-init[924]: |    . . . .      |
[   25.117391] cloud-init[924]: |         ...     |
[   25.139020] cloud-init[924]: +----[SHA256]-----+
[   25.152592] cloud-init[924]: Generating public/private ed25519 key pair.
[   25.169296] cloud-init[924]: Your identification has been saved in /etc/ssh/ssh_host_ed25519_key.
[[0;32m  OK  [0m] Started OpenBSD Secure Shell server.
[   25.186665] cloud-init[924]: Your public key has been saved in /etc/ssh/ssh_host_ed25519_key.pub.
[   25.211119] cloud-init[924]: The key fingerprint is:
[   25.224957] cloud-init[924]: SHA256:kzZkBuWf0Z2ozbmduppY+E1ZzfqXetSi+xLhEQ9ruTc root@ubuntu-xenial
[   25.246212] [[0;32m  OK  [0m] Started Snap Daemon.
cloud-init[924]: The key's randomart image is:
[   25.265948] cloud-init[924]: +--[ED25519 256]--+
[   25.285338] cloud-init         Starting Wait until snapd is fully seeded...
[924]: |      ...        |
[   25.306285] cloud-init[924]: |       o   .oo . |
[   25.322979] cloud-init[924]: |        = . o*o  |
[   25.342115] cloud-init[924]: |       + o **..o |
[   25.360069] cloud-init[924]: |        S +o++. +|
[   25.373133] cloud-init[924]: |       . +  +=E+.|
[   25.403581] cloud-init[924]: |        . . ++=o.|
[   25.431592] cloud-init[924]: |         + +o. +.|
[   25.462520] cloud-init[924]: |        . +.=*+ o|
[   25.486988] cloud-init[924]: +----[SHA256]-----+
[[0;32m  OK  [0m] Created slice User Slice of vagrant.
         Starting User Manager for UID 1000...
[[0;32m  OK  [0m] Started Session 1 of user vagrant.
[[0;32m  OK  [0m] Started User Manager for UID 1000.
[[0;32m  OK  [0m] Started Wait until snapd is fully seeded.
         Starting Apply the settings specified in cloud-config...
[[0;32m  OK  [0m] Reached target Multi-User System.
[[0;32m  OK  [0m] Reached target Graphical Interface.
         Starting Update UTMP about System Runlevel Changes...
[[0;32m  OK  [0m] Started Update UTMP about System Runlevel Changes.
[   29.763993] cloud-init[1357]: Generating locales (this might take a while)...

Ubuntu 16.04.7 LTS ubuntu-xenial ttyS0

ubuntu-xenial login: [   34.347840] cloud-init[1357]:   en_US.UTF-8... done
[   34.357556] cloud-init[1357]: Generation complete.
[   35.485832] cloud-init[1357]: Cloud-init v. 21.1-19-gbad84ad4-0ubuntu1~16.04.2 running 'modules:config' at Fri, 02 Dec 2022 17:47:15 +0000. Up 28.90 seconds.
ci-info: no authorized SSH keys fingerprints found for user ubuntu.
<14>Dec  2 17:47:25 ec2: 
<14>Dec  2 17:47:25 ec2: #############################################################
<14>Dec  2 17:47:25 ec2: -----BEGIN SSH HOST KEY FINGERPRINTS-----
<14>Dec  2 17:47:25 ec2: 1024 SHA256:lJnoNXCSND7Ss9SM0E+m0Vb6P0HFh8YI5OppXS13Rm0 root@ubuntu-xenial (DSA)
<14>Dec  2 17:47:25 ec2: 256 SHA256:5xTN1nmUoSSdF0TalQ8K1aBM6bsriEBYjL1z0J9oY+M root@ubuntu-xenial (ECDSA)
<14>Dec  2 17:47:25 ec2: 256 SHA256:kzZkBuWf0Z2ozbmduppY+E1ZzfqXetSi+xLhEQ9ruTc root@ubuntu-xenial (ED25519)
<14>Dec  2 17:47:25 ec2: 2048 SHA256:85ymVsr1EtWJxycfRaqvNDad5zQWKZQZ+9rz7zd3GDo root@ubuntu-xenial (RSA)
<14>Dec  2 17:47:25 ec2: -----END SSH HOST KEY FINGERPRINTS-----
<14>Dec  2 17:47:25 ec2: #############################################################
-----BEGIN SSH HOST KEY KEYS-----
ecdsa-sha2-nistp256 AAAAE2VjZHNhLXNoYTItbmlzdHAyNTYAAAAIbmlzdHAyNTYAAABBBMtLIXm7X0kk6ZEAXgX0KjEYEj2ttU6msAoW03hmRLvZ7tBncCdje/tN6z/xeGCJMa9zU1+PAtNKQ67nihKi+LY= root@ubuntu-xenial
ssh-ed25519 AAAAC3NzaC1lZDI1NTE5AAAAIMlQXWFgohBvU6/HCLOxoHfObxxDGaR4dYYuJBHFRZ1+ root@ubuntu-xenial
ssh-rsa AAAAB3NzaC1yc2EAAAADAQABAAABAQDc66hYk8ZoTMCDVTAxvch6XLLAYqRW/AyGrZvSEsr59KIL/GpNSwBF2aQlgvx09sz2HTs4E09fPOd4OJEevZfFiLaP5zweHTqzzTsIw7uFlqa+DPlocohGiFNqdT3cXojMlsgkkVQQkVquOaAYhZ1dWT396ed5hFAQ1BTE4AfJpoEtd7KMlplTsc2wKM/hf2TPO3pBbKKwv/2se/xGxXrbyM80PlWow0NiHmr6dAbRK6g1XHt6+TUFoQpEuFb10BJZIcPlskdkSh3fuxeETUPTE8Mmhyxo7B9irOmzZng7HAaPWgengbW36Q9S+yuvfKEPDygYNPnlH1LWS8PGvEmb root@ubuntu-xenial
-----END SSH HOST KEY KEYS-----
[   38.338846] cloud-init[1554]: Cloud-init v. 21.1-19-gbad84ad4-0ubuntu1~16.04.2 running 'modules:final' at Fri, 02 Dec 2022 17:47:24 +0000. Up 37.70 seconds.
[   38.339496] cloud-init[1554]: ci-info: no authorized SSH keys fingerprints found for user ubuntu.
[   38.340823] cloud-init[1554]: Cloud-init v. 21.1-19-gbad84ad4-0ubuntu1~16.04.2 finished at Fri, 02 Dec 2022 17:47:25 +0000. Datasource DataSourceNoCloud [seed=/dev/sdb][dsmode=net].  Up 38.23 seconds
